<?xml version="1.0" encoding="UTF-8"?>
<testng-results ignored="0" total="2" passed="2" failed="0" skipped="0">
  <reporter-output>
  </reporter-output>
  <suite started-at="2024-05-17T12:49:05Z" name="Suite" finished-at="2024-05-17T12:49:20Z" duration-ms="14245">
    <groups>
    </groups>
    <test started-at="2024-05-17T12:49:05Z" name="Test" finished-at="2024-05-17T12:49:20Z" duration-ms="14245">
      <class name="TestFW.Tests.Test1">
        <test-method is-config="true" signature="lauchApplication()[pri:0, instance:TestFW.Tests.Test1@3eeb318f]" started-at="2024-05-17T12:49:05Z" name="lauchApplication" finished-at="2024-05-17T12:49:10Z" duration-ms="4458" status="PASS">
          <reporter-output>
          </reporter-output>
        </test-method> <!-- lauchApplication -->
        <test-method signature="SubmitOrder(java.util.HashMap)[pri:0, instance:TestFW.Tests.Test1@3eeb318f]" started-at="2024-05-17T12:49:10Z" name="SubmitOrder" data-provider="getData" finished-at="2024-05-17T12:49:13Z" duration-ms="3251" status="PASS">
          <params>
            <param index="0">
              <value>
                <![CDATA[{password=Test@123, product=ZARA COAT 3, email=dsk@gmail.com}]]>
              </value>
            </param>
          </params>
          <reporter-output>
          </reporter-output>
        </test-method> <!-- SubmitOrder -->
        <test-method is-config="true" signature="tearDown()[pri:0, instance:TestFW.Tests.Test1@3eeb318f]" started-at="2024-05-17T12:49:13Z" name="tearDown" finished-at="2024-05-17T12:49:14Z" duration-ms="661" status="PASS">
          <reporter-output>
          </reporter-output>
        </test-method> <!-- tearDown -->
        <test-method is-config="true" signature="lauchApplication()[pri:0, instance:TestFW.Tests.Test1@3eeb318f]" started-at="2024-05-17T12:49:14Z" name="lauchApplication" finished-at="2024-05-17T12:49:16Z" duration-ms="1849" status="PASS">
          <reporter-output>
          </reporter-output>
        </test-method> <!-- lauchApplication -->
        <test-method signature="SubmitOrder(java.util.HashMap)[pri:0, instance:TestFW.Tests.Test1@3eeb318f]" started-at="2024-05-17T12:49:16Z" name="SubmitOrder" data-provider="getData" finished-at="2024-05-17T12:49:19Z" duration-ms="3255" status="PASS">
          <params>
            <param index="0">
              <value>
                <![CDATA[{password=Diksha@12, product=ADIDAS ORIGINAL, email=dikshakamdi@123.com}]]>
              </value>
            </param>
          </params>
          <reporter-output>
          </reporter-output>
        </test-method> <!-- SubmitOrder -->
        <test-method is-config="true" signature="tearDown()[pri:0, instance:TestFW.Tests.Test1@3eeb318f]" started-at="2024-05-17T12:49:19Z" name="tearDown" finished-at="2024-05-17T12:49:20Z" duration-ms="629" status="PASS">
          <reporter-output>
          </reporter-output>
        </test-method> <!-- tearDown -->
      </class> <!-- TestFW.Tests.Test1 -->
    </test> <!-- Test -->
  </suite> <!-- Suite -->
</testng-results>
