<?xml version="1.0" encoding="UTF-8"?>
<testng-results ignored="0" total="2" passed="2" failed="0" skipped="0">
  <reporter-output>
  </reporter-output>
  <suite started-at="2024-05-17T12:38:50Z" name="Suite" finished-at="2024-05-17T12:39:00Z" duration-ms="10059">
    <groups>
    </groups>
    <test started-at="2024-05-17T12:38:50Z" name="Test" finished-at="2024-05-17T12:39:00Z" duration-ms="10059">
      <class name="TestFW.Tests.Test1">
        <test-method is-config="true" signature="lauchApplication()[pri:0, instance:TestFW.Tests.Test1@502f1f4c]" started-at="2024-05-17T12:38:50Z" name="lauchApplication" finished-at="2024-05-17T12:38:52Z" duration-ms="1764" status="PASS">
          <reporter-output>
          </reporter-output>
        </test-method> <!-- lauchApplication -->
        <test-method signature="SubmitOrder(java.util.HashMap)[pri:0, instance:TestFW.Tests.Test1@502f1f4c]" started-at="2024-05-17T12:38:52Z" name="SubmitOrder" data-provider="getData" finished-at="2024-05-17T12:38:55Z" duration-ms="3254" status="PASS">
          <params>
            <param index="0">
              <value>
                <![CDATA[{password=Test@123, product=ZARA COAT 3, email=dsk@gmail.com}]]>
              </value>
            </param>
          </params>
          <reporter-output>
          </reporter-output>
        </test-method> <!-- SubmitOrder -->
        <test-method is-config="true" signature="tearDown()[pri:0, instance:TestFW.Tests.Test1@502f1f4c]" started-at="2024-05-17T12:38:55Z" name="tearDown" finished-at="2024-05-17T12:38:55Z" duration-ms="136" status="PASS">
          <reporter-output>
          </reporter-output>
        </test-method> <!-- tearDown -->
        <test-method is-config="true" signature="lauchApplication()[pri:0, instance:TestFW.Tests.Test1@502f1f4c]" started-at="2024-05-17T12:38:55Z" name="lauchApplication" finished-at="2024-05-17T12:38:56Z" duration-ms="1356" status="PASS">
          <reporter-output>
          </reporter-output>
        </test-method> <!-- lauchApplication -->
        <test-method signature="SubmitOrder(java.util.HashMap)[pri:0, instance:TestFW.Tests.Test1@502f1f4c]" started-at="2024-05-17T12:38:56Z" name="SubmitOrder" data-provider="getData" finished-at="2024-05-17T12:39:00Z" duration-ms="3246" status="PASS">
          <params>
            <param index="0">
              <value>
                <![CDATA[{password=Diksha@12, product=ADIDAS ORIGINAL, email=dikshakamdi@123.com}]]>
              </value>
            </param>
          </params>
          <reporter-output>
          </reporter-output>
        </test-method> <!-- SubmitOrder -->
        <test-method is-config="true" signature="tearDown()[pri:0, instance:TestFW.Tests.Test1@502f1f4c]" started-at="2024-05-17T12:39:00Z" name="tearDown" finished-at="2024-05-17T12:39:00Z" duration-ms="151" status="PASS">
          <reporter-output>
          </reporter-output>
        </test-method> <!-- tearDown -->
      </class> <!-- TestFW.Tests.Test1 -->
    </test> <!-- Test -->
  </suite> <!-- Suite -->
</testng-results>
